-------------------------------------------------------------------------------
Test set: TestSuite
-------------------------------------------------------------------------------
Tests run: 4, Failures: 1, Errors: 0, Skipped: 0, Time elapsed: 69.841 s <<< FAILURE! - in TestSuite
NavigateToHomepage(SeleniumE2ETytorial.HomePageNavigation)  Time elapsed: 11.488 s  <<< FAILURE!
java.lang.AssertionError: expected [AN ACADEMY TO LEARN everything ABOUT TESTING] but found [AN ACADEMY TO LEARN EVERYTHING ABOUT TESTING]
	at SeleniumE2ETytorial.HomePageNavigation.NavigateToHomepage(HomePageNavigation.java:31)

