<?xml version="1.0" encoding="UTF-8"?>
<testng-results ignored="0" total="4" passed="3" failed="1" skipped="0">
  <reporter-output>
  </reporter-output>
  <suite started-at="2019-10-20T02:01:18 IST" name="TestSuite" finished-at="2019-10-20T02:02:23 IST" duration-ms="65255">
    <groups>
    </groups>
    <test started-at="2019-10-20T02:01:18 IST" name="LoginPageValidation" finished-at="2019-10-20T02:01:54 IST" duration-ms="36015">
      <class name="SeleniumE2ETytorial.LoginPageValidation">
        <test-method is-config="true" signature="BrowserLaunch()[pri:0, instance:SeleniumE2ETytorial.LoginPageValidation@68d279ec]" started-at="2019-10-20T02:01:18 IST" name="BrowserLaunch" finished-at="2019-10-20T02:01:23 IST" duration-ms="4811" status="PASS">
          <reporter-output>
          </reporter-output>
        </test-method> <!-- BrowserLaunch -->
        <test-method signature="LoginValidation(java.lang.String, java.lang.String)[pri:0, instance:SeleniumE2ETytorial.LoginPageValidation@68d279ec]" started-at="2019-10-20T02:01:23 IST" name="LoginValidation" data-provider="getData" finished-at="2019-10-20T02:01:47 IST" duration-ms="23500" status="PASS">
          <params>
            <param index="0">
              <value>
                <![CDATA[internalUser@mail.com]]>
              </value>
            </param>
            <param index="1">
              <value>
                <![CDATA[test123]]>
              </value>
            </param>
          </params>
          <reporter-output>
          </reporter-output>
        </test-method> <!-- LoginValidation -->
        <test-method signature="LoginValidation(java.lang.String, java.lang.String)[pri:0, instance:SeleniumE2ETytorial.LoginPageValidation@68d279ec]" started-at="2019-10-20T02:01:47 IST" name="LoginValidation" data-provider="getData" finished-at="2019-10-20T02:01:53 IST" duration-ms="6440" status="PASS">
          <params>
            <param index="0">
              <value>
                <![CDATA[agencyadmin@mail.com]]>
              </value>
            </param>
            <param index="1">
              <value>
                <![CDATA[123test]]>
              </value>
            </param>
          </params>
          <reporter-output>
          </reporter-output>
        </test-method> <!-- LoginValidation -->
        <test-method is-config="true" signature="BrowserClose()[pri:0, instance:SeleniumE2ETytorial.LoginPageValidation@68d279ec]" started-at="2019-10-20T02:01:54 IST" name="BrowserClose" finished-at="2019-10-20T02:01:54 IST" duration-ms="602" status="PASS">
          <reporter-output>
          </reporter-output>
        </test-method> <!-- BrowserClose -->
      </class> <!-- SeleniumE2ETytorial.LoginPageValidation -->
    </test> <!-- LoginPageValidation -->
    <test started-at="2019-10-20T02:01:54 IST" name="HomePageHeaderValidation" finished-at="2019-10-20T02:02:08 IST" duration-ms="14132">
      <class name="SeleniumE2ETytorial.HomePageHeaderValidation">
        <test-method is-config="true" signature="BrowserLaunch()[pri:0, instance:SeleniumE2ETytorial.HomePageHeaderValidation@5b67bb7e]" started-at="2019-10-20T02:01:54 IST" name="BrowserLaunch" finished-at="2019-10-20T02:01:58 IST" duration-ms="3319" status="PASS">
          <reporter-output>
          </reporter-output>
        </test-method> <!-- BrowserLaunch -->
        <test-method signature="HeaderValidation()[pri:0, instance:SeleniumE2ETytorial.HomePageHeaderValidation@5b67bb7e]" started-at="2019-10-20T02:01:58 IST" name="HeaderValidation" finished-at="2019-10-20T02:02:07 IST" duration-ms="9731" status="PASS">
          <reporter-output>
          </reporter-output>
        </test-method> <!-- HeaderValidation -->
        <test-method is-config="true" signature="BrowserClose()[pri:0, instance:SeleniumE2ETytorial.HomePageHeaderValidation@5b67bb7e]" started-at="2019-10-20T02:02:08 IST" name="BrowserClose" finished-at="2019-10-20T02:02:08 IST" duration-ms="631" status="PASS">
          <reporter-output>
          </reporter-output>
        </test-method> <!-- BrowserClose -->
      </class> <!-- SeleniumE2ETytorial.HomePageHeaderValidation -->
    </test> <!-- HomePageHeaderValidation -->
    <test started-at="2019-10-20T02:02:08 IST" name="HomePageNavigation" finished-at="2019-10-20T02:02:23 IST" duration-ms="14998">
      <class name="SeleniumE2ETytorial.HomePageNavigation">
        <test-method is-config="true" signature="BrowserLaunch()[pri:0, instance:SeleniumE2ETytorial.HomePageNavigation@59cba5a]" started-at="2019-10-20T02:02:08 IST" name="BrowserLaunch" finished-at="2019-10-20T02:02:12 IST" duration-ms="3427" status="PASS">
          <reporter-output>
          </reporter-output>
        </test-method> <!-- BrowserLaunch -->
        <test-method signature="NavigateToHomepage()[pri:0, instance:SeleniumE2ETytorial.HomePageNavigation@59cba5a]" started-at="2019-10-20T02:02:12 IST" name="NavigateToHomepage" finished-at="2019-10-20T02:02:23 IST" duration-ms="10977" status="FAIL">
          <exception class="java.lang.AssertionError">
            <message>
              <![CDATA[expected [AN ACADEMY TO LEARN everything ABOUT TESTING] but found [AN ACADEMY TO LEARN EVERYTHING ABOUT TESTING]]]>
            </message>
            <full-stacktrace>
              <![CDATA[java.lang.AssertionError: expected [AN ACADEMY TO LEARN everything ABOUT TESTING] but found [AN ACADEMY TO LEARN EVERYTHING ABOUT TESTING]
at org.testng.Assert.fail(Assert.java:97)
at org.testng.Assert.assertEqualsImpl(Assert.java:136)
at org.testng.Assert.assertEquals(Assert.java:118)
at org.testng.Assert.assertEquals(Assert.java:575)
at org.testng.Assert.assertEquals(Assert.java:585)
at SeleniumE2ETytorial.HomePageNavigation.NavigateToHomepage(HomePageNavigation.java:31)
at java.base/jdk.internal.reflect.NativeMethodAccessorImpl.invoke0(Native Method)
at java.base/jdk.internal.reflect.NativeMethodAccessorImpl.invoke(NativeMethodAccessorImpl.java:62)
at java.base/jdk.internal.reflect.DelegatingMethodAccessorImpl.invoke(DelegatingMethodAccessorImpl.java:43)
at java.base/java.lang.reflect.Method.invoke(Method.java:567)
at org.testng.internal.MethodInvocationHelper.invokeMethod(MethodInvocationHelper.java:133)
at org.testng.internal.TestInvoker.invokeMethod(TestInvoker.java:584)
at org.testng.internal.TestInvoker.invokeTestMethod(TestInvoker.java:172)
at org.testng.internal.MethodRunner.runInSequence(MethodRunner.java:46)
at org.testng.internal.TestInvoker$MethodInvocationAgent.invoke(TestInvoker.java:804)
at org.testng.internal.TestInvoker.invokeTestMethods(TestInvoker.java:145)
at org.testng.internal.TestMethodWorker.invokeTestMethods(TestMethodWorker.java:146)
at org.testng.internal.TestMethodWorker.run(TestMethodWorker.java:128)
at java.base/java.util.ArrayList.forEach(ArrayList.java:1540)
at org.testng.TestRunner.privateRun(TestRunner.java:770)
at org.testng.TestRunner.run(TestRunner.java:591)
at org.testng.SuiteRunner.runTest(SuiteRunner.java:402)
at org.testng.SuiteRunner.runSequentially(SuiteRunner.java:396)
at org.testng.SuiteRunner.privateRun(SuiteRunner.java:355)
at org.testng.SuiteRunner.run(SuiteRunner.java:304)
at org.testng.SuiteRunnerWorker.runSuite(SuiteRunnerWorker.java:53)
at org.testng.SuiteRunnerWorker.run(SuiteRunnerWorker.java:96)
at org.testng.TestNG.runSuitesSequentially(TestNG.java:1180)
at org.testng.TestNG.runSuitesLocally(TestNG.java:1102)
at org.testng.TestNG.runSuites(TestNG.java:1032)
at org.testng.TestNG.run(TestNG.java:1000)
at org.apache.maven.surefire.testng.TestNGExecutor.run(TestNGExecutor.java:283)
at org.apache.maven.surefire.testng.TestNGXmlTestSuite.execute(TestNGXmlTestSuite.java:75)
at org.apache.maven.surefire.testng.TestNGProvider.invoke(TestNGProvider.java:120)
at org.apache.maven.surefire.booter.ForkedBooter.invokeProviderInSameClassLoader(ForkedBooter.java:384)
at org.apache.maven.surefire.booter.ForkedBooter.runSuitesInProcess(ForkedBooter.java:345)
at org.apache.maven.surefire.booter.ForkedBooter.execute(ForkedBooter.java:126)
at org.apache.maven.surefire.booter.ForkedBooter.main(ForkedBooter.java:418)
]]>
            </full-stacktrace>
          </exception> <!-- java.lang.AssertionError -->
          <reporter-output>
          </reporter-output>
        </test-method> <!-- NavigateToHomepage -->
        <test-method is-config="true" signature="BrowserClose()[pri:0, instance:SeleniumE2ETytorial.HomePageNavigation@59cba5a]" started-at="2019-10-20T02:02:23 IST" name="BrowserClose" finished-at="2019-10-20T02:02:23 IST" duration-ms="84" status="PASS">
          <reporter-output>
          </reporter-output>
        </test-method> <!-- BrowserClose -->
      </class> <!-- SeleniumE2ETytorial.HomePageNavigation -->
    </test> <!-- HomePageNavigation -->
  </suite> <!-- TestSuite -->
</testng-results>
